============================================================
T7 Demand Forecasting — Job 16923534
Node    : wn106.arnes.si
Start   : Mon Jun 22 07:25:46 PM CEST 2026
============================================================
Python  : /d/hpc/projects/FRI/bigdata/students/sm_bv/.venv/bin/python (Python 3.11.4)
======================================================================
T7: City-Wide On-Demand Transportation Demand Forecasting
  Problem  : Predict hourly trips per zone (all 4 services)
  Workers  : [2, 4, 8]
  Train    : 2021–2023
  Test     : 2024
  Features : 21 (unified) / 20 (per-service)
======================================================================

[Preprocessing] Loading cached aggregated demand data...
  18,103,153 zone-hour rows loaded.

Dataset split:
  Train : 13,500,016 zone-hour samples (2021–2023)
  Test  : 4,603,137  zone-hour samples (2024)
  RAM   : ~3706 MB — note: raw trip data (T5 inputs) is orders of magnitude larger; the Dask aggregation in preprocessing is what requires distributed memory.

======================================================================
EXPERIMENT: 2 WORKERS
======================================================================
  Dask dashboard: http://153.5.72.106:8787/status
  4/2 workers ready.
Removing constant columns: ['temperature_c', 'pickup_event_count']

  Train: 13,500,016  |  Test: 4,603,137  |  Features: 21  |  Mem: 8.25 GB

────────────────────────────────────────────────────────────
[SECTION A] UNIFIED MODEL — all services
────────────────────────────────────────────────────────────

  [Dask-ML LR | 2w] Training (13,500,016 rows)...
  [Dask-ML LR (unified)]  RMSE=99.92  MAE=51.26  R²=0.0172
    Time: 21.1s  |  Mem Δ: 2.92 GB

  [XGBoost/Dask | 2w] Training (13,500,016 rows, 200 rounds)...
[19:28:50] [0]	train-rmse:1.59415
[19:29:10] [50]	train-rmse:0.59565
[19:29:28] [100]	train-rmse:0.50313
[19:29:46] [150]	train-rmse:0.46324
[19:30:02] [199]	train-rmse:0.43814
  [XGBoost (unified)]  RMSE=46.98  MAE=17.81  R²=0.7827
    Time: 88.3s  |  Mem Δ: 2.08 GB

  [SGD partial_fit] Training (13,500,016 rows, 5 epochs, chunk=200,000)...
    Epoch 1/5  RMSE(log)=1.63190
    Epoch 2/5  RMSE(log)=1.87545
    Epoch 3/5  RMSE(log)=1.59197
    Epoch 4/5  RMSE(log)=1.60865
    Epoch 5/5  RMSE(log)=1.64623
  [SGD partial_fit (unified)]  RMSE=104.89  MAE=54.71  R²=-0.0830
    Time: 36.4s  |  Mem Δ: 1.65 GB

────────────────────────────────────────────────────────────
[SECTION B] SEPARATE MODELS — per-service XGBoost
────────────────────────────────────────────────────────────

  [XGBoost/Dask | 2w] Training (2,735,722 rows, 150 rounds)...
[19:30:52] [0]	train-rmse:1.55319
[19:30:57] [50]	train-rmse:0.53616
[19:31:02] [100]	train-rmse:0.46209
[19:31:06] [149]	train-rmse:0.42860
  [XGBoost (yellow)]  RMSE=32.95  MAE=12.47  R²=0.8085
    Time: 17.1s  |  Mem Δ: 0.27 GB

  [XGBoost/Dask | 2w] Training (938,819 rows, 150 rounds)...
[19:31:09] [0]	train-rmse:0.57322
[19:31:11] [50]	train-rmse:0.31914
[19:31:12] [100]	train-rmse:0.30581
[19:31:14] [149]	train-rmse:0.29971
  [XGBoost (green)]  RMSE=2.59  MAE=1.30  R²=0.7902
    Time: 5.7s  |  Mem Δ: 0.09 GB

  [XGBoost/Dask | 2w] Training (3,217,132 rows, 150 rounds)...
[19:31:18] [0]	train-rmse:0.53967
[19:31:23] [50]	train-rmse:0.42453
[19:31:27] [100]	train-rmse:0.40287
[19:31:32] [149]	train-rmse:0.39035
  [XGBoost (fhv)]  RMSE=2.60  MAE=1.55  R²=0.3649
    Time: 17.9s  |  Mem Δ: 0.56 GB

  [XGBoost/Dask | 2w] Training (6,608,343 rows, 150 rounds)...
[19:31:40] [0]	train-rmse:1.18165
[19:31:51] [50]	train-rmse:0.50138
[19:32:00] [100]	train-rmse:0.39906
[19:32:09] [149]	train-rmse:0.35519
  [XGBoost (fhvhv)]  RMSE=55.89  MAE=25.75  R²=0.7758
    Time: 35.3s  |  Mem Δ: 0.23 GB

  [4-separate combined]  RMSE=41.90  MAE=15.71  R²=0.8272

────────────────────────────────────────────────────────────
[SECTION C] AUGMENTATION IMPACT (XGBoost unified)
────────────────────────────────────────────────────────────

  [XGBoost/Dask | 2w] Training (13,500,016 rows, 150 rounds)...
[19:32:19] [0]	train-rmse:1.68968
[19:32:36] [50]	train-rmse:0.87323
[19:32:50] [100]	train-rmse:0.75345
[19:33:05] [149]	train-rmse:0.68727
  [XGBoost (no augmentation)]  RMSE=68.80  MAE=29.01  R²=0.5340
    Time: 56.2s  |  Mem Δ: 1.79 GB

  Total experiment time (2 workers): 295.9s
  results.json updated (2w done)

======================================================================
EXPERIMENT: 4 WORKERS
======================================================================
  Dask dashboard: http://153.5.72.106:8787/status
  4/4 workers ready.
Removing constant columns: ['temperature_c', 'pickup_event_count']

  Train: 13,500,016  |  Test: 4,603,137  |  Features: 21  |  Mem: 8.48 GB

────────────────────────────────────────────────────────────
[SECTION A] UNIFIED MODEL — all services
────────────────────────────────────────────────────────────

  [Dask-ML LR | 4w] Training (13,500,016 rows)...
  [Dask-ML LR (unified)]  RMSE=99.89  MAE=51.25  R²=0.0177
    Time: 97.9s  |  Mem Δ: 2.81 GB

  [XGBoost/Dask | 4w] Training (13,500,016 rows, 200 rounds)...
[19:36:04] [0]	train-rmse:1.59415
[19:36:27] [50]	train-rmse:0.59409
[19:36:48] [100]	train-rmse:0.50567
[19:37:08] [150]	train-rmse:0.46075
[19:37:28] [199]	train-rmse:0.43733
  [XGBoost (unified)]  RMSE=46.56  MAE=17.76  R²=0.7866
    Time: 102.3s  |  Mem Δ: 1.78 GB

  [SGD partial_fit] Training (13,500,016 rows, 5 epochs, chunk=200,000)...
    Epoch 1/5  RMSE(log)=1.63190
    Epoch 2/5  RMSE(log)=1.87545
    Epoch 3/5  RMSE(log)=1.59197
    Epoch 4/5  RMSE(log)=1.60865
    Epoch 5/5  RMSE(log)=1.64623
  [SGD partial_fit (unified)]  RMSE=104.89  MAE=54.71  R²=-0.0830
    Time: 36.2s  |  Mem Δ: 1.64 GB

────────────────────────────────────────────────────────────
[SECTION B] SEPARATE MODELS — per-service XGBoost
────────────────────────────────────────────────────────────

  [XGBoost/Dask | 4w] Training (2,735,722 rows, 150 rounds)...
[19:38:19] [0]	train-rmse:1.55319
[19:38:24] [50]	train-rmse:0.53358
[19:38:29] [100]	train-rmse:0.46142
[19:38:33] [149]	train-rmse:0.42792
  [XGBoost (yellow)]  RMSE=33.16  MAE=12.51  R²=0.8060
    Time: 18.1s  |  Mem Δ: 0.43 GB

  [XGBoost/Dask | 4w] Training (938,819 rows, 150 rounds)...
[19:38:36] [0]	train-rmse:0.57321
[19:38:38] [50]	train-rmse:0.31907
[19:38:40] [100]	train-rmse:0.30595
[19:38:42] [149]	train-rmse:0.30010
  [XGBoost (green)]  RMSE=2.60  MAE=1.30  R²=0.7894
    Time: 6.3s  |  Mem Δ: 0.09 GB

  [XGBoost/Dask | 4w] Training (3,217,132 rows, 150 rounds)...
[19:38:46] [0]	train-rmse:0.53968
[19:38:51] [50]	train-rmse:0.42529
[19:38:57] [100]	train-rmse:0.40412
[19:39:02] [149]	train-rmse:0.39206
  [XGBoost (fhv)]  RMSE=2.62  MAE=1.56  R²=0.3572
    Time: 20.3s  |  Mem Δ: 0.62 GB

  [XGBoost/Dask | 4w] Training (6,608,343 rows, 150 rounds)...
[19:39:11] [0]	train-rmse:1.18167
[19:39:24] [50]	train-rmse:0.50263
[19:39:34] [100]	train-rmse:0.39889
[19:39:45] [149]	train-rmse:0.35209
  [XGBoost (fhvhv)]  RMSE=55.89  MAE=25.65  R²=0.7758
    Time: 41.7s  |  Mem Δ: 1.29 GB

  [4-separate combined]  RMSE=41.94  MAE=15.67  R²=0.8268

────────────────────────────────────────────────────────────
[SECTION C] AUGMENTATION IMPACT (XGBoost unified)
────────────────────────────────────────────────────────────

  [XGBoost/Dask | 4w] Training (13,500,016 rows, 150 rounds)...
[19:39:56] [0]	train-rmse:1.68968
[19:40:15] [50]	train-rmse:0.87122
[19:40:33] [100]	train-rmse:0.75563
[19:40:49] [149]	train-rmse:0.68874
  [XGBoost (no augmentation)]  RMSE=68.41  MAE=28.91  R²=0.5393
    Time: 65.1s  |  Mem Δ: 1.67 GB

  Total experiment time (4 workers): 405.8s
  results.json updated (4w done)

======================================================================
EXPERIMENT: 8 WORKERS
======================================================================
  Dask dashboard: http://153.5.72.106:8787/status
  5/8 workers ready.
Removing constant columns: ['temperature_c', 'pickup_event_count']

  Train: 13,500,016  |  Test: 4,603,137  |  Features: 21  |  Mem: 9.15 GB

────────────────────────────────────────────────────────────
[SECTION A] UNIFIED MODEL — all services
────────────────────────────────────────────────────────────

  [Dask-ML LR | 8w] Training (13,500,016 rows)...
  [Dask-ML LR (unified)]  RMSE=99.89  MAE=51.25  R²=0.0177
    Time: 77.9s  |  Mem Δ: 2.72 GB

  [XGBoost/Dask | 8w] Training (13,500,016 rows, 200 rounds)...
[19:43:17] [0]	train-rmse:1.59414
[19:43:28] [50]	train-rmse:0.59927
[19:43:38] [100]	train-rmse:0.50312
[19:43:48] [150]	train-rmse:0.46081
[19:43:58] [199]	train-rmse:0.43411
  [XGBoost (unified)]  RMSE=46.46  MAE=17.62  R²=0.7875
    Time: 55.9s  |  Mem Δ: 1.72 GB

  [SGD partial_fit] Training (13,500,016 rows, 5 epochs, chunk=200,000)...
    Epoch 1/5  RMSE(log)=1.63190
    Epoch 2/5  RMSE(log)=1.87545
    Epoch 3/5  RMSE(log)=1.59197
    Epoch 4/5  RMSE(log)=1.60865
    Epoch 5/5  RMSE(log)=1.64623
  [SGD partial_fit (unified)]  RMSE=104.89  MAE=54.71  R²=-0.0830
    Time: 38.6s  |  Mem Δ: 1.64 GB

────────────────────────────────────────────────────────────
[SECTION B] SEPARATE MODELS — per-service XGBoost
────────────────────────────────────────────────────────────

  [XGBoost/Dask | 8w] Training (2,735,722 rows, 150 rounds)...
[19:44:49] [0]	train-rmse:1.55319
[19:44:52] [50]	train-rmse:0.53619
[19:44:54] [100]	train-rmse:0.46332
[19:44:56] [149]	train-rmse:0.43321
  [XGBoost (yellow)]  RMSE=33.52  MAE=12.62  R²=0.8018
    Time: 10.6s  |  Mem Δ: 0.05 GB

  [XGBoost/Dask | 8w] Training (938,819 rows, 150 rounds)...
[19:45:00] [0]	train-rmse:0.57323
[19:45:01] [50]	train-rmse:0.31888
[19:45:02] [100]	train-rmse:0.30556
[19:45:03] [149]	train-rmse:0.29979
  [XGBoost (green)]  RMSE=2.59  MAE=1.30  R²=0.7904
    Time: 4.4s  |  Mem Δ: 0.00 GB

  [XGBoost/Dask | 8w] Training (3,217,132 rows, 150 rounds)...
[19:45:06] [0]	train-rmse:0.53970
[19:45:10] [50]	train-rmse:0.42421
[19:45:12] [100]	train-rmse:0.40355
[19:45:15] [149]	train-rmse:0.39135
  [XGBoost (fhv)]  RMSE=2.61  MAE=1.56  R²=0.3597
    Time: 11.8s  |  Mem Δ: 0.44 GB

  [XGBoost/Dask | 8w] Training (6,608,343 rows, 150 rounds)...
[19:45:23] [0]	train-rmse:1.18167
[19:45:29] [50]	train-rmse:0.50245
[19:45:34] [100]	train-rmse:0.40565
[19:45:39] [149]	train-rmse:0.35420
  [XGBoost (fhvhv)]  RMSE=56.12  MAE=25.95  R²=0.7739
    Time: 21.6s  |  Mem Δ: 0.99 GB

  [4-separate combined]  RMSE=42.15  MAE=15.84  R²=0.8251

────────────────────────────────────────────────────────────
[SECTION C] AUGMENTATION IMPACT (XGBoost unified)
────────────────────────────────────────────────────────────

  [XGBoost/Dask | 8w] Training (13,500,016 rows, 150 rounds)...
[19:45:48] [0]	train-rmse:1.68968
[19:45:57] [50]	train-rmse:0.87194
[19:46:05] [100]	train-rmse:0.75404
[19:46:12] [149]	train-rmse:0.68555
  [XGBoost (no augmentation)]  RMSE=68.31  MAE=28.95  R²=0.5406
    Time: 33.5s  |  Mem Δ: 1.66 GB

  Total experiment time (8 workers): 273.6s
  results.json updated (8w done)

[Plots] Generating...
  Saved model_comparison.png
  Saved unified_vs_separate.png
  Saved scalability.png
  Saved memory_vs_workers.png
  Saved augmentation_impact.png
  Saved sgd_convergence.png
  Saved feature_importance.png

  === RESULTS TABLE ===
                            Model                Algorithm  Workers       RMSE       MAE        R²  Time (s)  Mem Δ (GB)
             Dask-ML LR (unified) Dask-ML LinearRegression        8  99.894066 51.247956  0.017652 77.854093    2.722148
                XGBoost (unified)             XGBoost/Dask        8  46.460158 17.620753  0.787506 55.926109    1.715966
        SGD partial_fit (unified) SGDRegressor+partial_fit        1 104.886300 54.706530 -0.082988 38.599918    1.641906
                 XGBoost (yellow)             XGBoost/Dask        8  33.523139 12.617558  0.801772 10.622984    0.050913
                  XGBoost (green)             XGBoost/Dask        8   2.593309  1.299751  0.790370  4.354397    0.000000
                    XGBoost (fhv)             XGBoost/Dask        8   2.611558  1.557702  0.359748 11.846892    0.439992
                  XGBoost (fhvhv)             XGBoost/Dask        8  56.115657 25.954056  0.773941 21.611019    0.986075
XGBoost (4 separate — aggregated)    XGBoost/Dask separate        8  42.152530 15.840716  0.825082       NaN         NaN
        XGBoost (no augmentation)             XGBoost/Dask        8  68.313514 28.948073  0.540591 33.497302    1.657696

======================================================================
FINAL SUMMARY
======================================================================
  XGBoost (green)                                          RMSE=   2.59  MAE=   1.30  R²=+0.7904  Time=4s
  XGBoost (fhv)                                            RMSE=   2.61  MAE=   1.56  R²=+0.3597  Time=12s
  XGBoost (yellow)                                         RMSE=  33.52  MAE=  12.62  R²=+0.8018  Time=11s
  XGBoost (4 separate — aggregated)                        RMSE=  42.15  MAE=  15.84  R²=+0.8251  Time=0s
  XGBoost (unified)                                        RMSE=  46.46  MAE=  17.62  R²=+0.7875  Time=56s
  XGBoost (fhvhv)                                          RMSE=  56.12  MAE=  25.95  R²=+0.7739  Time=22s
  XGBoost (no augmentation)                                RMSE=  68.31  MAE=  28.95  R²=+0.5406  Time=33s
  Dask-ML LR (unified)                                     RMSE=  99.89  MAE=  51.25  R²=+0.0177  Time=78s
  SGD partial_fit (unified)                                RMSE= 104.89  MAE=  54.71  R²=-0.0830  Time=39s

Done.
============================================================
End     : Mon Jun 22 07:46:26 PM CEST 2026
============================================================
